<?xml version="1.0" encoding="UTF-8"?>
<coverage generated="1657979979943" clover="3.2.0">
  <project timestamp="1657979979944" name="All files">
    <metrics statements="59" coveredstatements="51" conditionals="18" coveredconditionals="11" methods="19" coveredmethods="16" elements="96" coveredelements="78" complexity="0" loc="59" ncloc="59" packages="1" files="1" classes="1"/>
    <file name="classTaskList.js" path="C:\Users\User\Desktop\Javascripst module2\toDoList\ToDo-List\src\modules\classTaskList.js">
      <metrics statements="59" coveredstatements="51" conditionals="18" coveredconditionals="11" methods="19" coveredmethods="16"/>
      <line num="3" count="5" type="stmt"/>
      <line num="4" count="5" type="cond" truecount="2" falsecount="0"/>
      <line num="5" count="1" type="stmt"/>
      <line num="7" count="5" type="stmt"/>
      <line num="11" count="14" type="stmt"/>
      <line num="12" count="14" type="stmt"/>
      <line num="13" count="14" type="stmt"/>
      <line num="14" count="14" type="stmt"/>
      <line num="15" count="13" type="stmt"/>
      <line num="16" count="13" type="cond" truecount="2" falsecount="0"/>
      <line num="17" count="2" type="stmt"/>
      <line num="25" count="11" type="stmt"/>
      <line num="33" count="13" type="stmt"/>
      <line num="39" count="13" type="stmt"/>
      <line num="41" count="14" type="stmt"/>
      <line num="45" count="20" type="stmt"/>
      <line num="46" count="22" type="stmt"/>
      <line num="48" count="20" type="stmt"/>
      <line num="49" count="7" type="cond" truecount="1" falsecount="1"/>
      <line num="50" count="0" type="stmt"/>
      <line num="52" count="7" type="cond" truecount="1" falsecount="1"/>
      <line num="53" count="7" type="stmt"/>
      <line num="55" count="0" type="stmt"/>
      <line num="57" count="20" type="stmt"/>
      <line num="61" count="5" type="cond" truecount="1" falsecount="1"/>
      <line num="62" count="5" type="stmt"/>
      <line num="67" count="5" type="stmt"/>
      <line num="68" count="5" type="stmt"/>
      <line num="69" count="5" type="stmt"/>
      <line num="74" count="1" type="stmt"/>
      <line num="75" count="1" type="stmt"/>
      <line num="79" count="1" type="stmt"/>
      <line num="80" count="1" type="stmt"/>
      <line num="81" count="1" type="stmt"/>
      <line num="85" count="1" type="cond" truecount="1" falsecount="1"/>
      <line num="86" count="0" type="stmt"/>
      <line num="87" count="1" type="cond" truecount="1" falsecount="1"/>
      <line num="88" count="1" type="stmt"/>
      <line num="90" count="1" type="stmt"/>
      <line num="94" count="1" type="stmt"/>
      <line num="95" count="1" type="stmt"/>
      <line num="99" count="1" type="stmt"/>
      <line num="100" count="1" type="stmt"/>
      <line num="104" count="14" type="stmt"/>
      <line num="105" count="14" type="stmt"/>
      <line num="106" count="13" type="stmt"/>
      <line num="107" count="0" type="stmt"/>
      <line num="111" count="14" type="stmt"/>
      <line num="112" count="14" type="cond" truecount="1" falsecount="1"/>
      <line num="113" count="14" type="stmt"/>
      <line num="114" count="13" type="stmt"/>
      <line num="115" count="0" type="stmt"/>
      <line num="120" count="14" type="stmt"/>
      <line num="121" count="14" type="cond" truecount="1" falsecount="1"/>
      <line num="122" count="14" type="stmt"/>
      <line num="123" count="13" type="stmt"/>
      <line num="124" count="0" type="stmt"/>
      <line num="125" count="0" type="stmt"/>
      <line num="126" count="0" type="stmt"/>
    </file>
  </project>
</coverage>
