TN:
SF:src\modules\classTaskList.js
FN:2,(anonymous_0)
FN:10,(anonymous_1)
FN:14,(anonymous_2)
FN:44,(anonymous_3)
FN:48,(anonymous_4)
FN:60,(anonymous_5)
FN:73,(anonymous_6)
FN:78,(anonymous_7)
FN:84,(anonymous_8)
FN:93,(anonymous_9)
FN:98,(anonymous_10)
FN:99,(anonymous_11)
FN:103,(anonymous_12)
FN:105,(anonymous_13)
FN:106,(anonymous_14)
FN:113,(anonymous_15)
FN:114,(anonymous_16)
FN:122,(anonymous_17)
FN:123,(anonymous_18)
FNF:19
FNH:16
FNDA:5,(anonymous_0)
FNDA:14,(anonymous_1)
FNDA:13,(anonymous_2)
FNDA:20,(anonymous_3)
FNDA:7,(anonymous_4)
FNDA:5,(anonymous_5)
FNDA:1,(anonymous_6)
FNDA:1,(anonymous_7)
FNDA:1,(anonymous_8)
FNDA:1,(anonymous_9)
FNDA:1,(anonymous_10)
FNDA:1,(anonymous_11)
FNDA:14,(anonymous_12)
FNDA:13,(anonymous_13)
FNDA:0,(anonymous_14)
FNDA:13,(anonymous_15)
FNDA:0,(anonymous_16)
FNDA:13,(anonymous_17)
FNDA:0,(anonymous_18)
DA:3,5
DA:4,5
DA:5,1
DA:7,5
DA:11,14
DA:12,14
DA:13,14
DA:14,14
DA:15,13
DA:16,13
DA:17,2
DA:25,11
DA:33,13
DA:39,13
DA:41,14
DA:45,20
DA:46,22
DA:48,20
DA:49,7
DA:50,0
DA:52,7
DA:53,7
DA:55,0
DA:57,20
DA:61,5
DA:62,5
DA:67,5
DA:68,5
DA:69,5
DA:74,1
DA:75,1
DA:79,1
DA:80,1
DA:81,1
DA:85,1
DA:86,0
DA:87,1
DA:88,1
DA:90,1
DA:94,1
DA:95,1
DA:99,1
DA:100,1
DA:104,14
DA:105,14
DA:106,13
DA:107,0
DA:111,14
DA:112,14
DA:113,14
DA:114,13
DA:115,0
DA:120,14
DA:121,14
DA:122,14
DA:123,13
DA:124,0
DA:125,0
DA:126,0
LF:59
LH:51
BRDA:4,0,0,1
BRDA:4,0,1,4
BRDA:16,1,0,2
BRDA:16,1,1,11
BRDA:49,2,0,0
BRDA:49,2,1,7
BRDA:52,3,0,7
BRDA:52,3,1,0
BRDA:61,4,0,5
BRDA:61,4,1,0
BRDA:85,5,0,0
BRDA:85,5,1,1
BRDA:87,6,0,1
BRDA:87,6,1,0
BRDA:112,7,0,14
BRDA:112,7,1,0
BRDA:121,8,0,14
BRDA:121,8,1,0
BRF:18
BRH:11
end_of_record
